Build started 7/30/2013 12:32:33 PM.
     1>Project "C:\Users\goldfarb\Desktop\Ray Tracing\RayTracing\RayTracing.vcxproj" on node 2 (build target(s)).
     1>InitializeBuildStatus:
         Creating "Release\RayTracing.unsuccessfulbuild" because "AlwaysCreate" was specified.
       AddCudaCompileDeps:
         C:\Program Files (x86)\Microsoft Visual Studio 10.0\VC\bin\cl.exe /E /nologo /showIncludes /TP /I"C:\Program Files\NVIDIA GPU Computing Toolkit\CUDA\v4.0\bin" /I"C:\Program Files\NVIDIA GPU Computing Toolkit\CUDA\v4.0\include" /I. /FIcuda_runtime.h /c "C:\Users\goldfarb\Desktop\Ray Tracing\RayTracing\kernel.cu" 
       AddCudaCompilePropsDeps:
       Skipping target "AddCudaCompilePropsDeps" because all output files are up-to-date with respect to the input files.
       CudaBuild:
         Compiling CUDA source file kernel.cu...
         cmd.exe /C "C:\Users\goldfarb\AppData\Local\Temp\tmp0b981ac488c6417bad40b8afafd7dcda.cmd"
         "C:\Program Files\NVIDIA GPU Computing Toolkit\CUDA\v4.0\bin\nvcc.exe" -gencode=arch=compute_10,code=\"sm_10,compute_10\" --use-local-env --cl-version 2010 -ccbin "C:\Program Files (x86)\Microsoft Visual Studio 10.0\VC\bin"  -I"C:\Program Files\NVIDIA GPU Computing Toolkit\CUDA\v4.0\include"    --keep-dir "Release" -maxrregcount=0  --machine 32 --compile      -Xcompiler "/EHsc /nologo /Od /Zi  /MD " -o "Release\kernel.cu.obj" "C:\Users\goldfarb\Desktop\Ray Tracing\RayTracing\kernel.cu"
         
         C:\Users\goldfarb\Desktop\Ray Tracing\RayTracing>"C:\Program Files\NVIDIA GPU Computing Toolkit\CUDA\v4.0\bin\nvcc.exe" -gencode=arch=compute_10,code=\"sm_10,compute_10\" --use-local-env --cl-version 2010 -ccbin "C:\Program Files (x86)\Microsoft Visual Studio 10.0\VC\bin"  -I"C:\Program Files\NVIDIA GPU Computing Toolkit\CUDA\v4.0\include"    --keep-dir "Release" -maxrregcount=0  --machine 32 --compile      -Xcompiler "/EHsc /nologo /Od /Zi  /MD " -o "Release\kernel.cu.obj" "C:\Users\goldfarb\Desktop\Ray Tracing\RayTracing\kernel.cu" 
         kernel.cu
     1>C:/Users/goldfarb/Desktop/Ray Tracing/RayTracing/kernel.cu(70): warning : variable "a" was declared but never referenced
         
     1>C:/Users/goldfarb/Desktop/Ray Tracing/RayTracing/kernel.cu(195): warning : variable "cudaStatus" was set but never used
         
     1>C:/Users/goldfarb/Desktop/Ray Tracing/RayTracing/kernel.cu(241): warning : variable "cudaStatus" was set but never used
         
         tmpxft_00001cb4_00000000-0_kernel.cudafe1.gpu
         tmpxft_00001cb4_00000000-5_kernel.cudafe2.gpu
         kernel.cu
     1>C:/Users/goldfarb/Desktop/Ray Tracing/RayTracing/kernel.cu(70): warning : variable "a" was declared but never referenced
         
     1>C:/Users/goldfarb/Desktop/Ray Tracing/RayTracing/kernel.cu(195): warning : variable "cudaStatus" was set but never used
         
     1>C:/Users/goldfarb/Desktop/Ray Tracing/RayTracing/kernel.cu(241): warning : variable "cudaStatus" was set but never used
         
         tmpxft_00001cb4_00000000-0_kernel.cudafe1.cpp
         tmpxft_00001cb4_00000000-11_kernel.ii
       ManifestResourceCompile:
         All outputs are up-to-date.
       Link:
         C:\Program Files (x86)\Microsoft Visual Studio 10.0\VC\bin\link.exe /ERRORREPORT:PROMPT /OUT:"C:\Users\goldfarb\Desktop\Ray Tracing\Release\RayTracing.exe" /INCREMENTAL /NOLOGO /LIBPATH:"C:\Program Files\NVIDIA GPU Computing Toolkit\CUDA\v4.0\lib\Win32" cudart.lib kernel32.lib user32.lib gdi32.lib winspool.lib comdlg32.lib advapi32.lib shell32.lib ole32.lib oleaut32.lib uuid.lib odbc32.lib odbccp32.lib kernel32.lib user32.lib gdi32.lib winspool.lib comdlg32.lib advapi32.lib shell32.lib ole32.lib oleaut32.lib uuid.lib odbc32.lib odbccp32.lib /MANIFEST /ManifestFile:"Release\RayTracing.exe.intermediate.manifest" /MANIFESTUAC:"level='asInvoker' uiAccess='false'" /DEBUG /PDB:"C:\Users\goldfarb\Desktop\Ray Tracing\Release\RayTracing.pdb" /SUBSYSTEM:CONSOLE /OPT:REF /OPT:ICF /LTCG /TLBID:1 /DYNAMICBASE /NXCOMPAT /IMPLIB:"C:\Users\goldfarb\Desktop\Ray Tracing\Release\RayTracing.lib" /MACHINE:X86 Release\kernel.cu.obj
         Release\RayTracing.exe.embed.manifest.res
     1>LINK : warning LNK4075: ignoring '/INCREMENTAL' due to '/LTCG' specification
         LINK : /LTCG specified but no code generation required; remove /LTCG from the link command line to improve linker performance
       Manifest:
         C:\Program Files (x86)\Microsoft SDKs\Windows\v7.0A\bin\mt.exe /nologo /verbose /out:"Release\RayTracing.exe.embed.manifest" /manifest Release\RayTracing.exe.intermediate.manifest
         All outputs are up-to-date.
       LinkEmbedManifest:
         All outputs are up-to-date.
         RayTracing.vcxproj -> C:\Users\goldfarb\Desktop\Ray Tracing\Release\RayTracing.exe
       PostBuildEvent:
         echo copy "C:\Program Files\NVIDIA GPU Computing Toolkit\CUDA\v4.0\bin\cudart*.dll" "C:\Users\goldfarb\Desktop\Ray Tracing\Release\"
         copy "C:\Program Files\NVIDIA GPU Computing Toolkit\CUDA\v4.0\bin\cudart*.dll" "C:\Users\goldfarb\Desktop\Ray Tracing\Release\"
         :VCEnd
         copy "C:\Program Files\NVIDIA GPU Computing Toolkit\CUDA\v4.0\bin\cudart*.dll" "C:\Users\goldfarb\Desktop\Ray Tracing\Release\"
         C:\Program Files\NVIDIA GPU Computing Toolkit\CUDA\v4.0\bin\cudart32_40_17.dll
         C:\Program Files\NVIDIA GPU Computing Toolkit\CUDA\v4.0\bin\cudart64_40_17.dll
                 2 file(s) copied.
       FinalizeBuildStatus:
         Deleting file "Release\RayTracing.unsuccessfulbuild".
         Touching "Release\RayTracing.lastbuildstate".
     1>Done Building Project "C:\Users\goldfarb\Desktop\Ray Tracing\RayTracing\RayTracing.vcxproj" (build target(s)).

Build succeeded.

Time Elapsed 00:00:04.78
